<?xml version="1.0" encoding="UTF-8"?>
<testng-results skipped="0" failed="0" ignored="0" total="1" passed="1">
  <reporter-output>
  </reporter-output>
  <suite name="Facebook Login Check" duration-ms="57889" started-at="2021-05-22T15:43:39Z" finished-at="2021-05-22T15:44:37Z">
    <groups>
    </groups>
    <test name="Test" duration-ms="57889" started-at="2021-05-22T15:43:39Z" finished-at="2021-05-22T15:44:37Z">
      <class name="tests.FacebookAssignmentTest">
        <test-method status="PASS" signature="initializeTestBaseSetup(java.lang.String, java.lang.String)[pri:0, instance:tests.FacebookAssignmentTest@b7f23d9]" name="initializeTestBaseSetup" is-config="true" duration-ms="16195" started-at="2021-05-22T15:43:39Z" finished-at="2021-05-22T15:43:56Z">
          <params>
            <param index="0">
              <value>
                <![CDATA[chrome]]>
              </value>
            </param>
            <param index="1">
              <value>
                <![CDATA[https://www.facebook.com/]]>
              </value>
            </param>
          </params>
          <reporter-output>
          </reporter-output>
        </test-method> <!-- initializeTestBaseSetup -->
        <test-method status="PASS" signature="executeTestScenarios()[pri:0, instance:tests.FacebookAssignmentTest@b7f23d9]" name="executeTestScenarios" duration-ms="41419" started-at="2021-05-22T15:43:56Z" finished-at="2021-05-22T15:44:37Z">
          <reporter-output>
          </reporter-output>
        </test-method> <!-- executeTestScenarios -->
        <test-method status="PASS" signature="getResult(org.testng.ITestResult)[pri:0, instance:tests.FacebookAssignmentTest@b7f23d9]" name="getResult" is-config="true" duration-ms="266" started-at="2021-05-22T15:44:37Z" finished-at="2021-05-22T15:44:37Z">
          <params>
            <param index="0">
              <value>
                <![CDATA[[TestResult name=executeTestScenarios status=SUCCESS method=FacebookAssignmentTest.executeTestScenarios()[pri:0, instance:tests.FacebookAssignmentTest@b7f23d9] output={null}]]]>
              </value>
            </param>
          </params>
          <reporter-output>
          </reporter-output>
        </test-method> <!-- getResult -->
        <test-method status="PASS" signature="tearDown()[pri:0, instance:tests.FacebookAssignmentTest@b7f23d9]" name="tearDown" is-config="true" duration-ms="3134" started-at="2021-05-22T15:44:37Z" finished-at="2021-05-22T15:44:40Z">
          <reporter-output>
          </reporter-output>
        </test-method> <!-- tearDown -->
      </class> <!-- tests.FacebookAssignmentTest -->
    </test> <!-- Test -->
  </suite> <!-- Facebook Login Check -->
</testng-results>
