<?xml version="1.0" encoding="UTF-8"?>
<testng-results skipped="0" failed="0" ignored="0" total="1" passed="1">
  <reporter-output>
  </reporter-output>
  <suite name="Facebook Login Check" duration-ms="32959" started-at="2021-05-22T07:55:21Z" finished-at="2021-05-22T07:55:54Z">
    <groups>
    </groups>
    <test name="Test" duration-ms="32959" started-at="2021-05-22T07:55:21Z" finished-at="2021-05-22T07:55:54Z">
      <class name="tests.FacebookAssignmentTest">
        <test-method status="PASS" signature="initializeTestBaseSetup(java.lang.String, java.lang.String)[pri:0, instance:tests.FacebookAssignmentTest@40e6dfe1]" name="initializeTestBaseSetup" is-config="true" duration-ms="8740" started-at="2021-05-22T07:55:21Z" finished-at="2021-05-22T07:55:30Z">
          <params>
            <param index="0">
              <value>
                <![CDATA[chrome]]>
              </value>
            </param>
            <param index="1">
              <value>
                <![CDATA[https://www.facebook.com/]]>
              </value>
            </param>
          </params>
          <reporter-output>
          </reporter-output>
        </test-method> <!-- initializeTestBaseSetup -->
        <test-method status="PASS" signature="executeTestScenarios()[pri:0, instance:tests.FacebookAssignmentTest@40e6dfe1]" name="executeTestScenarios" duration-ms="24209" started-at="2021-05-22T07:55:30Z" finished-at="2021-05-22T07:55:54Z">
          <reporter-output>
          </reporter-output>
        </test-method> <!-- executeTestScenarios -->
        <test-method status="PASS" signature="tearDown()[pri:0, instance:tests.FacebookAssignmentTest@40e6dfe1]" name="tearDown" is-config="true" duration-ms="3131" started-at="2021-05-22T07:55:54Z" finished-at="2021-05-22T07:55:57Z">
          <reporter-output>
          </reporter-output>
        </test-method> <!-- tearDown -->
      </class> <!-- tests.FacebookAssignmentTest -->
    </test> <!-- Test -->
  </suite> <!-- Facebook Login Check -->
</testng-results>
